{
  "RSpec": {
    "coverage": {
      "/home/simone/medcheck/app/controllers/dashboard_controller.rb": {
        "lines": [
          1,
          1,
          2,
          2,
          2,
          2,
          2,
          2,
          2,
          2,
          2,
          null,
          null,
          null,
          4,
          null,
          null,
          1,
          5,
          5,
          5,
          5,
          5,
          5,
          1,
          null,
          4,
          null,
          5,
          null,
          null
        ]
      },
      "/home/simone/medcheck/app/controllers/application_controller.rb": {
        "lines": [
          1,
          1,
          null,
          1,
          null,
          1,
          null,
          null,
          null,
          151,
          null,
          null,
          1,
          null,
          null,
          81,
          null,
          null,
          1,
          null,
          80,
          1,
          null,
          null,
          null
        ]
      },
      "/home/simone/medcheck/app/controllers/day_takens_controller.rb": {
        "lines": [
          1,
          1,
          null,
          null,
          1,
          3,
          3,
          3,
          3,
          6,
          3,
          null,
          0,
          0,
          null,
          null,
          null,
          null,
          null,
          1,
          3,
          3,
          6,
          3,
          null,
          0,
          0,
          null,
          null,
          null,
          null,
          null,
          1,
          null,
          3,
          3,
          6,
          3,
          null,
          0,
          0,
          null,
          null,
          null,
          null,
          1,
          null,
          1,
          6,
          null,
          null,
          null,
          1,
          6,
          null,
          null
        ]
      },
      "/home/simone/medcheck/app/controllers/histories_controller.rb": {
        "lines": [
          1,
          1,
          3,
          3,
          3,
          3,
          null,
          null,
          1,
          2,
          2,
          2,
          null,
          2,
          0,
          0,
          0,
          0,
          0,
          0,
          0,
          0,
          0,
          0,
          0,
          0,
          null,
          null,
          null,
          null,
          0,
          0,
          null,
          null,
          null,
          1,
          0,
          0,
          null,
          0,
          0,
          0,
          0,
          0,
          0,
          0,
          null,
          null,
          null
        ]
      },
      "/home/simone/medcheck/app/controllers/medication_schedules_controller.rb": {
        "lines": [
          1,
          1,
          1,
          1,
          null,
          1,
          3,
          3,
          3,
          3,
          null,
          null,
          null,
          null,
          1,
          2,
          2,
          2,
          null,
          null,
          null,
          1,
          5,
          5,
          5,
          null,
          null,
          5,
          5,
          6,
          3,
          null,
          4,
          2,
          null,
          null,
          null,
          null,
          null,
          1,
          3,
          3,
          3,
          3,
          null,
          3,
          6,
          3,
          null,
          null,
          null,
          1,
          2,
          2,
          null,
          2,
          2,
          2,
          6,
          2,
          4,
          null,
          null,
          null,
          1,
          2,
          null,
          2,
          null,
          null,
          2,
          2,
          2,
          2,
          2,
          4,
          null,
          null,
          2,
          6,
          2,
          4,
          null,
          null,
          null,
          1,
          3,
          3,
          3,
          3,
          3,
          3,
          null,
          6,
          null,
          null,
          3,
          3,
          3,
          1,
          null,
          2,
          null,
          null,
          null,
          null,
          1,
          null,
          1,
          3,
          null,
          null,
          null,
          1,
          5,
          null,
          null
        ]
      },
      "/home/simone/medcheck/app/controllers/medications_controller.rb": {
        "lines": [
          1,
          1,
          null,
          null,
          1,
          1,
          1,
          null,
          null,
          null,
          1,
          3,
          3,
          3,
          3,
          null,
          null,
          null,
          1,
          1,
          1,
          null,
          null,
          null,
          1,
          0,
          0,
          null,
          null,
          null,
          1,
          9,
          9,
          null,
          9,
          9,
          2,
          1,
          null,
          16,
          8,
          null,
          null,
          null,
          null,
          null,
          1,
          10,
          10,
          10,
          4,
          2,
          null,
          16,
          8,
          null,
          null,
          null,
          null,
          null,
          1,
          3,
          3,
          3,
          null,
          3,
          3,
          6,
          3,
          null,
          0,
          0,
          null,
          null,
          null,
          null,
          1,
          3,
          3,
          3,
          3,
          3,
          null,
          3,
          3,
          null,
          0,
          null,
          null,
          null,
          1,
          null,
          1,
          16,
          null,
          null,
          null,
          1,
          19,
          null,
          null
        ]
      },
      "/home/simone/medcheck/app/controllers/sessions_controller.rb": {
        "lines": [
          1,
          1,
          null,
          1,
          2,
          2,
          null,
          null,
          null,
          1,
          7,
          7,
          5,
          5,
          5,
          5,
          null,
          null,
          7,
          5,
          5,
          null,
          2,
          null,
          null,
          null,
          1,
          0,
          0,
          null,
          null
        ]
      },
      "/home/simone/medcheck/app/controllers/themes_controller.rb": {
        "lines": [
          1,
          null,
          null,
          1,
          3,
          3,
          3,
          null,
          null,
          null,
          1,
          3,
          3,
          3,
          3,
          null,
          null,
          1,
          null,
          1,
          0,
          null,
          null,
          null,
          1,
          0,
          null,
          null
        ]
      },
      "/home/simone/medcheck/app/controllers/users_controller.rb": {
        "lines": [
          1,
          1,
          1,
          1,
          null,
          null,
          1,
          2,
          2,
          2,
          4,
          2,
          null,
          null,
          null
        ]
      },
      "/home/simone/medcheck/app/controllers/welcome_controller.rb": {
        "lines": [
          1,
          1,
          1,
          2,
          1,
          null,
          null,
          null
        ]
      },
      "/home/simone/medcheck/app/models/user.rb": {
        "lines": [
          1,
          1,
          1,
          1,
          1,
          1,
          null,
          1,
          null,
          1,
          null,
          1,
          119,
          119,
          119,
          119,
          119,
          119,
          null,
          null,
          null
        ]
      },
      "/home/simone/medcheck/app/models/application_record.rb": {
        "lines": [
          1,
          1,
          null
        ]
      },
      "/home/simone/medcheck/app/models/theme.rb": {
        "lines": [
          1,
          1,
          null
        ]
      },
      "/home/simone/medcheck/app/models/medication.rb": {
        "lines": [
          1,
          1,
          1,
          1,
          1,
          1,
          1,
          1,
          1,
          null,
          1,
          1,
          null
        ]
      },
      "/home/simone/medcheck/app/models/medication_schedule.rb": {
        "lines": [
          1,
          1,
          1,
          1,
          null
        ]
      },
      "/home/simone/medcheck/app/models/day_taken.rb": {
        "lines": [
          1,
          null
        ]
      },
      "/home/simone/medcheck/app/helpers/medications_helper.rb": {
        "lines": [
          0,
          0,
          null,
          0,
          0,
          null,
          null,
          0,
          0,
          0,
          0,
          null,
          0,
          0,
          0
        ],
        "branches": {
        }
      }
    },
    "timestamp": 1723237247
  }
}
